Performing C++ SOURCE FILE Test COMPILER_SUPPORTS_CXX11 failed with the following output:
Change Dir: D:/Solutions/MScAC Solutions/CSC2504 - Computer Graphics Solutions/computer-graphics-shader-pipeline/out/build/x64-Debug/CMakeFiles/CMakeTmp

Run Build Command(s):C:/Program Files (x86)/Microsoft Visual Studio/2019/Community/Common7/IDE/CommonExtensions/Microsoft/CMake/Ninja/ninja.exe cmTC_95405 
[1/2] Building CXX object CMakeFiles\cmTC_95405.dir\src.cxx.obj
cl : Command line warning D9002 : ignoring unknown option '-std=c++11'
[2/2] Linking CXX executable cmTC_95405.exe

Source file was:
int main() { return 0; }
Performing C++ SOURCE FILE Test COMPILER_SUPPORTS_CXX0X failed with the following output:
Change Dir: D:/Solutions/MScAC Solutions/CSC2504 - Computer Graphics Solutions/computer-graphics-shader-pipeline/out/build/x64-Debug/CMakeFiles/CMakeTmp

Run Build Command(s):C:/Program Files (x86)/Microsoft Visual Studio/2019/Community/Common7/IDE/CommonExtensions/Microsoft/CMake/Ninja/ninja.exe cmTC_06f2c 
[1/2] Building CXX object CMakeFiles\cmTC_06f2c.dir\src.cxx.obj
cl : Command line warning D9002 : ignoring unknown option '-std=c++0x'
[2/2] Linking CXX executable cmTC_06f2c.exe

Source file was:
int main() { return 0; }
Determining if the include file pthread.h exists failed with the following output:
Change Dir: D:/Solutions/MScAC Solutions/CSC2504 - Computer Graphics Solutions/computer-graphics-shader-pipeline/out/build/x64-Debug/CMakeFiles/CMakeTmp

Run Build Command(s):C:/Program Files (x86)/Microsoft Visual Studio/2019/Community/Common7/IDE/CommonExtensions/Microsoft/CMake/Ninja/ninja.exe cmTC_dd193 
[1/2] Building C object CMakeFiles\cmTC_dd193.dir\CheckIncludeFile.c.obj
FAILED: CMakeFiles/cmTC_dd193.dir/CheckIncludeFile.c.obj 
C:\PROGRA~2\MICROS~3\2019\COMMUN~1\VC\Tools\MSVC\1422~1.279\bin\HostX64\x64\cl.exe  /nologo   /DWIN32 /D_WINDOWS /W3  /MDd /ZI /Ob0 /Od /RTC1 /JMC /showIncludes /FoCMakeFiles\cmTC_dd193.dir\CheckIncludeFile.c.obj /FdCMakeFiles\cmTC_dd193.dir\ /FS -c CheckIncludeFile.c
D:\Solutions\MScAC Solutions\CSC2504 - Computer Graphics Solutions\computer-graphics-shader-pipeline\out\build\x64-Debug\CMakeFiles\CMakeTmp\CheckIncludeFile.c(1): fatal error C1083: Cannot open include file: 'pthread.h': No such file or directory
ninja: build stopped: subcommand failed.


